<?xml version="1.0" encoding="UTF-8" ?>
<testsuite errors="0" failures="1" hostname="air-de-david.lan" name="api.users.UserControllerTests" tests="1" time="1.907" timestamp="2014-04-26T18:47:26">
  <properties />
  <testcase classname="api.users.UserControllerTests" name="testSomething" time="1.664">
    <failure message="junit.framework.AssertionFailedError: Implement me" type="junit.framework.AssertionFailedError">junit.framework.AssertionFailedError: junit.framework.AssertionFailedError: Implement me
	at api.users.UserControllerTests.testSomething(UserControllerTests.groovy:15)
</failure>
  </testcase>
  <system-out><![CDATA[--Output from testSomething--
]]></system-out>
  <system-err><![CDATA[--Output from testSomething--
]]></system-err>
</testsuite>
