<?xml version="1.0" encoding="UTF-8" ?>
<testsuite errors="0" failures="1" hostname="air-de-david.lan" name="api.users.UserMagamentServiceTests" tests="1" time="0.369" timestamp="2014-04-26T18:47:28">
  <properties />
  <testcase classname="api.users.UserMagamentServiceTests" name="testSomething" time="0.075">
    <failure message="junit.framework.AssertionFailedError: Implement me" type="junit.framework.AssertionFailedError">junit.framework.AssertionFailedError: junit.framework.AssertionFailedError: Implement me
	at api.users.UserMagamentServiceTests.testSomething(UserMagamentServiceTests.groovy:15)
</failure>
  </testcase>
  <system-out><![CDATA[--Output from testSomething--
]]></system-out>
  <system-err><![CDATA[--Output from testSomething--
]]></system-err>
</testsuite>
