<?xml version="1.0" encoding="UTF-8" ?>
<testsuite errors="0" failures="0" hostname="air-de-david.lan" name="api.users.UserTests" tests="7" time="1.731" timestamp="2014-04-26T18:47:28">
  <properties />
  <testcase classname="api.users.UserTests" name="test_UserIsNotValid_WhitBlankName" time="1.488" />
  <testcase classname="api.users.UserTests" name="test_UserIsNotValidate_WhitEmailUnique" time="0.037" />
  <testcase classname="api.users.UserTests" name="test_UserIsNotValidate_whitFormatEmailInvalid" time="0.033" />
  <testcase classname="api.users.UserTests" name="test_UserIsNotValidate_whitPasswordLongMinInvalid" time="0.034" />
  <testcase classname="api.users.UserTests" name="test_UserIsNotValidate_whitPasswordLongMaxInvalid" time="0.034" />
  <testcase classname="api.users.UserTests" name="test_UserIsNotValidate_whitFechaNacimeintoNull" time="0.039" />
  <testcase classname="api.users.UserTests" name="test_creaUsuario" time="0.056" />
  <system-out><![CDATA[--Output from test_UserIsNotValid_WhitBlankName--
--Output from test_UserIsNotValidate_WhitEmailUnique--
--Output from test_UserIsNotValidate_whitFormatEmailInvalid--
--Output from test_UserIsNotValidate_whitPasswordLongMinInvalid--
--Output from test_UserIsNotValidate_whitPasswordLongMaxInvalid--
--Output from test_UserIsNotValidate_whitFechaNacimeintoNull--
--Output from test_creaUsuario--
]]></system-out>
  <system-err><![CDATA[--Output from test_UserIsNotValid_WhitBlankName--
--Output from test_UserIsNotValidate_WhitEmailUnique--
--Output from test_UserIsNotValidate_whitFormatEmailInvalid--
--Output from test_UserIsNotValidate_whitPasswordLongMinInvalid--
--Output from test_UserIsNotValidate_whitPasswordLongMaxInvalid--
--Output from test_UserIsNotValidate_whitFechaNacimeintoNull--
--Output from test_creaUsuario--
]]></system-err>
</testsuite>
